<?xml version="1.0" encoding="UTF-8"?>
<testsuite name="com.assignment.ControlCenter.ControlCenterApplicationTests" tests="1" skipped="0" failures="0" errors="0" timestamp="2023-04-12T13:12:02" hostname="DESKTOP-5MMNOTO" time="0.447">
  <properties/>
  <testcase name="contextLoads()" classname="com.assignment.ControlCenter.ControlCenterApplicationTests" time="0.447"/>
  <system-out><![CDATA[15:11:58.140 [Test worker] DEBUG org.springframework.test.context.BootstrapUtils - Instantiating CacheAwareContextLoaderDelegate from class [org.springframework.test.context.cache.DefaultCacheAwareContextLoaderDelegate]
15:11:58.169 [Test worker] DEBUG org.springframework.test.context.BootstrapUtils - Instantiating BootstrapContext using constructor [public org.springframework.test.context.support.DefaultBootstrapContext(java.lang.Class,org.springframework.test.context.CacheAwareContextLoaderDelegate)]
15:11:58.241 [Test worker] DEBUG org.springframework.test.context.BootstrapUtils - Instantiating TestContextBootstrapper for test class [com.assignment.ControlCenter.ControlCenterApplicationTests] from class [org.springframework.boot.test.context.SpringBootTestContextBootstrapper]
15:11:58.271 [Test worker] INFO org.springframework.boot.test.context.SpringBootTestContextBootstrapper - Neither @ContextConfiguration nor @ContextHierarchy found for test class [com.assignment.ControlCenter.ControlCenterApplicationTests], using SpringBootContextLoader
15:11:58.279 [Test worker] DEBUG org.springframework.test.context.support.AbstractContextLoader - Did not detect default resource location for test class [com.assignment.ControlCenter.ControlCenterApplicationTests]: class path resource [com/assignment/ControlCenter/ControlCenterApplicationTests-context.xml] does not exist
15:11:58.280 [Test worker] DEBUG org.springframework.test.context.support.AbstractContextLoader - Did not detect default resource location for test class [com.assignment.ControlCenter.ControlCenterApplicationTests]: class path resource [com/assignment/ControlCenter/ControlCenterApplicationTestsContext.groovy] does not exist
15:11:58.280 [Test worker] INFO org.springframework.test.context.support.AbstractContextLoader - Could not detect default resource locations for test class [com.assignment.ControlCenter.ControlCenterApplicationTests]: no resource found for suffixes {-context.xml, Context.groovy}.
15:11:58.282 [Test worker] INFO org.springframework.test.context.support.AnnotationConfigContextLoaderUtils - Could not detect default configuration classes for test class [com.assignment.ControlCenter.ControlCenterApplicationTests]: ControlCenterApplicationTests does not declare any static, non-private, non-final, nested classes annotated with @Configuration.
15:11:58.373 [Test worker] DEBUG org.springframework.test.context.support.ActiveProfilesUtils - Could not find an 'annotation declaring class' for annotation type [org.springframework.test.context.ActiveProfiles] and class [com.assignment.ControlCenter.ControlCenterApplicationTests]
15:11:58.531 [Test worker] DEBUG org.springframework.context.annotation.ClassPathScanningCandidateComponentProvider - Identified candidate component class: file [C:\Users\Lenovo\Downloads\ControlCenter\ControlCenter\build\classes\java\main\com\assignment\ControlCenter\ControlCenterApplication.class]
15:11:58.533 [Test worker] INFO org.springframework.boot.test.context.SpringBootTestContextBootstrapper - Found @SpringBootConfiguration com.assignment.ControlCenter.ControlCenterApplication for test class com.assignment.ControlCenter.ControlCenterApplicationTests
15:11:58.674 [Test worker] DEBUG org.springframework.boot.test.context.SpringBootTestContextBootstrapper - @TestExecutionListeners is not present for class [com.assignment.ControlCenter.ControlCenterApplicationTests]: using defaults.
15:11:58.675 [Test worker] INFO org.springframework.boot.test.context.SpringBootTestContextBootstrapper - Loaded default TestExecutionListener class names from location [META-INF/spring.factories]: [org.springframework.boot.test.autoconfigure.restdocs.RestDocsTestExecutionListener, org.springframework.boot.test.autoconfigure.web.client.MockRestServiceServerResetTestExecutionListener, org.springframework.boot.test.autoconfigure.web.servlet.MockMvcPrintOnlyOnFailureTestExecutionListener, org.springframework.boot.test.autoconfigure.web.servlet.WebDriverTestExecutionListener, org.springframework.boot.test.autoconfigure.webservices.client.MockWebServiceServerTestExecutionListener, org.springframework.boot.test.mock.mockito.MockitoTestExecutionListener, org.springframework.boot.test.mock.mockito.ResetMocksTestExecutionListener, org.springframework.test.context.web.ServletTestExecutionListener, org.springframework.test.context.support.DirtiesContextBeforeModesTestExecutionListener, org.springframework.test.context.event.ApplicationEventsTestExecutionListener, org.springframework.test.context.support.DependencyInjectionTestExecutionListener, org.springframework.test.context.support.DirtiesContextTestExecutionListener, org.springframework.test.context.transaction.TransactionalTestExecutionListener, org.springframework.test.context.jdbc.SqlScriptsTestExecutionListener, org.springframework.test.context.event.EventPublishingTestExecutionListener]
15:11:58.700 [Test worker] INFO org.springframework.boot.test.context.SpringBootTestContextBootstrapper - Using TestExecutionListeners: [org.springframework.test.context.web.ServletTestExecutionListener@3ad2e17, org.springframework.test.context.support.DirtiesContextBeforeModesTestExecutionListener@8c3619e, org.springframework.test.context.event.ApplicationEventsTestExecutionListener@4331d187, org.springframework.boot.test.mock.mockito.MockitoTestExecutionListener@6f63b475, org.springframework.boot.test.autoconfigure.SpringBootDependencyInjectionTestExecutionListener@554e218, org.springframework.test.context.support.DirtiesContextTestExecutionListener@1608bcbd, org.springframework.test.context.transaction.TransactionalTestExecutionListener@5bf8fa12, org.springframework.test.context.jdbc.SqlScriptsTestExecutionListener@29ca3d04, org.springframework.test.context.event.EventPublishingTestExecutionListener@b2c5e07, org.springframework.boot.test.autoconfigure.restdocs.RestDocsTestExecutionListener@5812f68b, org.springframework.boot.test.autoconfigure.web.client.MockRestServiceServerResetTestExecutionListener@4426bff1, org.springframework.boot.test.autoconfigure.web.servlet.MockMvcPrintOnlyOnFailureTestExecutionListener@3c7c886c, org.springframework.boot.test.autoconfigure.web.servlet.WebDriverTestExecutionListener@55493582, org.springframework.boot.test.autoconfigure.webservices.client.MockWebServiceServerTestExecutionListener@1a20270e, org.springframework.boot.test.mock.mockito.ResetMocksTestExecutionListener@6b88ca8c]
15:11:58.705 [Test worker] DEBUG org.springframework.test.context.support.AbstractDirtiesContextTestExecutionListener - Before test class: context [DefaultTestContext@740d2e78 testClass = ControlCenterApplicationTests, testInstance = [null], testMethod = [null], testException = [null], mergedContextConfiguration = [WebMergedContextConfiguration@1c481ff2 testClass = ControlCenterApplicationTests, locations = '{}', classes = '{class com.assignment.ControlCenter.ControlCenterApplication}', contextInitializerClasses = '[]', activeProfiles = '{}', propertySourceLocations = '{}', propertySourceProperties = '{org.springframework.boot.test.context.SpringBootTestContextBootstrapper=true}', contextCustomizers = set[org.springframework.boot.test.autoconfigure.actuate.metrics.MetricsExportContextCustomizerFactory$DisableMetricExportContextCustomizer@359df09a, org.springframework.boot.test.autoconfigure.properties.PropertyMappingContextCustomizer@0, org.springframework.boot.test.autoconfigure.web.servlet.WebDriverContextCustomizerFactory$Customizer@c430e6c, org.springframework.boot.test.context.filter.ExcludeFilterContextCustomizer@70cf32e3, org.springframework.boot.test.json.DuplicateJsonObjectContextCustomizerFactory$DuplicateJsonObjectContextCustomizer@71075444, org.springframework.boot.test.mock.mockito.MockitoContextCustomizer@0, org.springframework.boot.test.web.client.TestRestTemplateContextCustomizer@17bffc17, org.springframework.boot.test.context.SpringBootTestArgs@1, org.springframework.boot.test.context.SpringBootTestWebEnvironment@4b14c583], resourceBasePath = 'src/main/webapp', contextLoader = 'org.springframework.boot.test.context.SpringBootContextLoader', parent = [null]], attributes = map['org.springframework.test.context.web.ServletTestExecutionListener.activateListener' -> true]], class annotated with @DirtiesContext [false] with mode [null].

  .   ____          _            __ _ _
 /\\ / ___'_ __ _ _(_)_ __  __ _ \ \ \ \
( ( )\___ | '_ | '_| | '_ \/ _` | \ \ \ \
 \\/  ___)| |_)| | | | | || (_| |  ) ) ) )
  '  |____| .__|_| |_|_| |_\__, | / / / /
 =========|_|==============|___/=/_/_/_/
 :: Spring Boot ::               (v2.7.10)

2023-04-12 15:11:59.147  INFO 8772 --- [    Test worker] c.a.C.ControlCenterApplicationTests      : Starting ControlCenterApplicationTests using Java 1.8.0_311 on DESKTOP-5MMNOTO with PID 8772 (started by Lenovo in C:\Users\Lenovo\Downloads\ControlCenter\ControlCenter)
2023-04-12 15:11:59.149  INFO 8772 --- [    Test worker] c.a.C.ControlCenterApplicationTests      : No active profile set, falling back to 1 default profile: "default"
2023-04-12 15:12:02.458  INFO 8772 --- [    Test worker] c.a.C.ControlCenterApplicationTests      : Started ControlCenterApplicationTests in 3.71 seconds (JVM running for 6.972)
]]></system-out>
  <system-err><![CDATA[]]></system-err>
</testsuite>
